TN:
SF:index.js
FN:17,(anonymous_0)
FN:21,(anonymous_1)
FNF:2
FNH:2
FNDA:1,(anonymous_0)
FNDA:3,(anonymous_1)
DA:1,1
DA:2,1
DA:3,1
DA:4,1
DA:6,1
DA:7,1
DA:8,1
DA:10,1
DA:11,1
DA:13,1
DA:15,1
DA:16,1
DA:17,1
DA:18,1
DA:21,1
DA:22,3
DA:23,3
LF:17
LH:17
BRDA:15,0,0,1
BRDA:15,0,1,0
BRDA:16,1,0,1
BRDA:16,1,1,1
BRF:4
BRH:3
end_of_record
TN:
SF:controllers/posts.controller.js
FN:9,getPosts
FN:14,getPost
FN:21,addPost
FN:26,editPost
FN:33,removePost
FNF:5
FNH:2
FNDA:1,getPosts
FNDA:0,getPost
FNDA:4,addPost
FNDA:0,editPost
FNDA:0,removePost
DA:7,1
DA:10,1
DA:11,1
DA:15,0
DA:16,0
DA:17,0
DA:18,0
DA:22,4
DA:23,1
DA:27,0
DA:28,0
DA:29,0
DA:30,0
DA:34,0
DA:35,0
DA:36,0
DA:37,0
DA:40,1
LF:18
LH:6
BRDA:17,0,0,0
BRDA:17,0,1,0
BRDA:29,1,0,0
BRDA:29,1,1,0
BRDA:36,2,0,0
BRDA:36,2,1,0
BRF:6
BRH:0
end_of_record
TN:
SF:controllers/users.controller.js
FN:9,getUsers
FN:14,getUser
FN:21,addUser
FN:26,editUser
FN:33,removeUser
FNF:5
FNH:0
FNDA:0,getUsers
FNDA:0,getUser
FNDA:0,addUser
FNDA:0,editUser
FNDA:0,removeUser
DA:7,1
DA:10,0
DA:11,0
DA:15,0
DA:16,0
DA:17,0
DA:18,0
DA:22,0
DA:23,0
DA:27,0
DA:28,0
DA:29,0
DA:30,0
DA:34,0
DA:35,0
DA:36,0
DA:37,0
DA:40,1
LF:18
LH:2
BRDA:17,0,0,0
BRDA:17,0,1,0
BRDA:29,1,0,0
BRDA:29,1,1,0
BRDA:36,2,0,0
BRDA:36,2,1,0
BRF:6
BRH:0
end_of_record
TN:
SF:db/db.js
FN:6,(anonymous_0)
FN:11,(anonymous_1)
FNF:2
FNH:2
FNDA:5,(anonymous_0)
FNDA:1,(anonymous_1)
DA:1,2
DA:2,2
DA:4,2
DA:6,2
DA:7,5
DA:8,5
DA:11,2
DA:12,1
DA:15,2
LF:9
LH:9
BRF:0
BRH:0
end_of_record
TN:
SF:middlewares/validatePost.js
FN:1,validatePost
FNF:1
FNH:0
FNDA:0,validatePost
DA:2,0
DA:3,0
DA:4,0
DA:6,0
DA:9,1
LF:5
LH:1
BRDA:3,0,0,0
BRDA:3,0,1,0
BRDA:3,1,0,0
BRDA:3,1,1,0
BRDA:3,1,2,0
BRF:5
BRH:0
end_of_record
TN:
SF:routes/posts.routes.js
FNF:0
FNH:0
DA:1,1
DA:2,1
DA:9,1
DA:11,1
DA:12,1
DA:13,1
DA:14,1
DA:15,1
DA:17,1
DA:19,1
DA:21,1
DA:22,1
LF:12
LH:12
BRF:0
BRH:0
end_of_record
TN:
SF:routes/users.routes.js
FNF:0
FNH:0
DA:1,1
DA:2,1
DA:9,1
DA:11,1
DA:12,1
DA:13,1
DA:14,1
DA:15,1
DA:17,1
LF:9
LH:9
BRF:0
BRH:0
end_of_record
TN:
SF:services/posts.service.js
FN:1,getAllPosts
FN:6,getPostById
FN:8,(anonymous_2)
FN:11,updatePost
FN:13,(anonymous_4)
FN:20,deletePost
FN:22,(anonymous_6)
FN:30,createPost
FN:46,(anonymous_8)
FN:54,(anonymous_9)
FNF:10
FNH:4
FNDA:1,getAllPosts
FNDA:0,getPostById
FNDA:0,(anonymous_2)
FNDA:0,updatePost
FNDA:0,(anonymous_4)
FNDA:0,deletePost
FNDA:0,(anonymous_6)
FNDA:4,createPost
FNDA:2,(anonymous_8)
FNDA:4,(anonymous_9)
DA:2,1
DA:3,1
DA:7,0
DA:8,0
DA:12,0
DA:13,0
DA:14,0
DA:15,0
DA:16,0
DA:17,0
DA:21,0
DA:22,0
DA:23,0
DA:24,0
DA:25,0
DA:26,0
DA:28,1
DA:31,4
DA:34,4
DA:35,2
DA:36,2
DA:37,2
DA:40,2
DA:41,0
DA:42,0
DA:43,0
DA:46,2
DA:47,2
DA:48,1
DA:49,1
DA:50,1
DA:53,1
DA:54,4
DA:60,1
DA:61,1
DA:62,1
DA:65,1
LF:37
LH:20
BRDA:14,0,0,0
BRDA:14,0,1,0
BRDA:23,1,0,0
BRDA:23,1,1,0
BRDA:34,2,0,2
BRDA:34,2,1,2
BRDA:34,3,0,4
BRDA:34,3,1,2
BRDA:34,3,2,2
BRDA:40,4,0,0
BRDA:40,4,1,2
BRDA:40,5,0,2
BRDA:40,5,1,2
BRDA:47,6,0,1
BRDA:47,6,1,1
BRDA:54,7,0,1
BRDA:54,7,1,0
BRF:17
BRH:11
end_of_record
TN:
SF:services/users.service.js
FN:3,getAllUsers
FN:8,getUserById
FN:10,(anonymous_2)
FN:13,createUser
FN:16,(anonymous_4)
FN:26,updateUser
FN:28,(anonymous_6)
FN:35,deleteUser
FN:37,(anonymous_8)
FNF:9
FNH:3
FNDA:1,getAllUsers
FNDA:0,getUserById
FNDA:0,(anonymous_2)
FNDA:2,createUser
FNDA:1,(anonymous_4)
FNDA:0,updateUser
FNDA:0,(anonymous_6)
FNDA:0,deleteUser
FNDA:0,(anonymous_8)
DA:1,2
DA:4,1
DA:5,1
DA:9,0
DA:10,0
DA:14,2
DA:15,2
DA:16,1
DA:21,2
DA:22,2
DA:23,2
DA:27,0
DA:28,0
DA:29,0
DA:30,0
DA:31,0
DA:32,0
DA:36,0
DA:37,0
DA:38,0
DA:39,0
DA:40,0
DA:41,0
DA:44,2
LF:24
LH:10
BRDA:16,0,0,1
BRDA:16,0,1,1
BRDA:29,1,0,0
BRDA:29,1,1,0
BRDA:38,2,0,0
BRDA:38,2,1,0
BRF:6
BRH:2
end_of_record
TN:
SF:utils/validators.js
FN:1,isValidEmail
FNF:1
FNH:1
FNDA:9,isValidEmail
DA:2,9
DA:4,1
LF:2
LH:2
BRF:0
BRH:0
end_of_record
